{"file":"/Users/finup/GoglandProjects/src/k8s-webshell/pkg/common/common.go:37","func":"k8s-webshell/pkg/common.GetRestConf","level":"info","msg":"kubeconfig file /Users/finup/GoglandProjects/src/k8s-webshell/configs/admin.conf","time":"2019-03-22T14:13:18+08:00"}
{"file":"/Users/finup/GoglandProjects/src/k8s-webshell/cmd/k8s-webshell.go:14","func":"main.main","level":"info","msg":"Current ENV: ","time":"2019-03-22T14:13:18+08:00"}
{"file":"/Users/finup/GoglandProjects/src/k8s-webshell/pkg/api/controller.go:119","func":"k8s-webshell/pkg/api.WsHandler","level":"info","msg":"get kwargs  **","time":"2019-03-22T14:15:52+08:00"}
{"file":"/Users/finup/GoglandProjects/src/k8s-webshell/pkg/common/common.go:37","func":"k8s-webshell/pkg/common.GetRestConf","level":"info","msg":"kubeconfig file /Users/finup/GoglandProjects/src/k8s-webshell/configs/admin.conf","time":"2019-03-22T14:15:52+08:00"}
{"file":"/Users/finup/GoglandProjects/src/k8s-webshell/pkg/api/controller.go:149","func":"k8s-webshell/pkg/api.WsHandler","level":"info","msg":"end k8s post","time":"2019-03-22T14:15:52+08:00"}
{"file":"/Users/finup/GoglandProjects/src/k8s-webshell/pkg/common/common.go:37","func":"k8s-webshell/pkg/common.GetRestConf","level":"info","msg":"kubeconfig file /Users/finup/GoglandProjects/src/k8s-webshell/configs/admin.conf","time":"2019-03-22T14:27:04+08:00"}
{"file":"/Users/finup/GoglandProjects/src/k8s-webshell/cmd/k8s-webshell.go:14","func":"main.main","level":"info","msg":"Current ENV: ","time":"2019-03-22T14:27:04+08:00"}
{"file":"/Users/finup/GoglandProjects/src/k8s-webshell/pkg/common/common.go:37","func":"k8s-webshell/pkg/common.GetRestConf","level":"info","msg":"kubeconfig file /Users/finup/GoglandProjects/src/k8s-webshell/configs/admin.conf","time":"2019-03-22T14:27:42+08:00"}
{"file":"/Users/finup/GoglandProjects/src/k8s-webshell/cmd/k8s-webshell.go:14","func":"main.main","level":"info","msg":"Current ENV: ","time":"2019-03-22T14:27:42+08:00"}
{"file":"/Users/finup/GoglandProjects/src/k8s-webshell/pkg/api/controller.go:119","func":"k8s-webshell/pkg/api.WsHandler","level":"info","msg":"get kwargs  **","time":"2019-03-22T14:27:47+08:00"}
{"file":"/Users/finup/GoglandProjects/src/k8s-webshell/pkg/common/common.go:37","func":"k8s-webshell/pkg/common.GetRestConf","level":"info","msg":"kubeconfig file /Users/finup/GoglandProjects/src/k8s-webshell/configs/admin.conf","time":"2019-03-22T14:27:47+08:00"}
{"file":"/Users/finup/GoglandProjects/src/k8s-webshell/pkg/api/controller.go:149","func":"k8s-webshell/pkg/api.WsHandler","level":"info","msg":"end k8s post","time":"2019-03-22T14:27:47+08:00"}
{"fields.time":"2019-03-22T14:28:47+08:00","file":"/Users/finup/GoglandProjects/src/k8s-webshell/pkg/utils/logger.go:109","func":"k8s-webshell/pkg/utils.GinRus.func1","ip":"127.0.0.1","latency":60340516163,"level":"info","method":"GET","msg":"","path":"/api/ws","status":200,"time":"2019-03-22T14:28:47+08:00","user-agent":"Mozilla/5.0 (Macintosh; Intel Mac OS X 10_14_3) AppleWebKit/537.36 (KHTML, like Gecko) Chrome/72.0.3626.121 Safari/537.36"}
{"file":"/Users/finup/GoglandProjects/src/k8s-webshell/pkg/api/controller.go:119","func":"k8s-webshell/pkg/api.WsHandler","level":"info","msg":"get kwargs  **","time":"2019-03-22T14:30:01+08:00"}
{"file":"/Users/finup/GoglandProjects/src/k8s-webshell/pkg/common/common.go:37","func":"k8s-webshell/pkg/common.GetRestConf","level":"info","msg":"kubeconfig file /Users/finup/GoglandProjects/src/k8s-webshell/configs/admin.conf","time":"2019-03-22T14:30:01+08:00"}
{"file":"/Users/finup/GoglandProjects/src/k8s-webshell/pkg/api/controller.go:149","func":"k8s-webshell/pkg/api.WsHandler","level":"info","msg":"end k8s post","time":"2019-03-22T14:30:01+08:00"}
{"file":"/Users/finup/GoglandProjects/src/k8s-webshell/pkg/api/controller.go:119","func":"k8s-webshell/pkg/api.WsHandler","level":"info","msg":"get kwargs  **","time":"2019-03-22T14:30:01+08:00"}
{"file":"/Users/finup/GoglandProjects/src/k8s-webshell/pkg/common/common.go:37","func":"k8s-webshell/pkg/common.GetRestConf","level":"info","msg":"kubeconfig file /Users/finup/GoglandProjects/src/k8s-webshell/configs/admin.conf","time":"2019-03-22T14:30:01+08:00"}
{"file":"/Users/finup/GoglandProjects/src/k8s-webshell/pkg/api/controller.go:149","func":"k8s-webshell/pkg/api.WsHandler","level":"info","msg":"end k8s post","time":"2019-03-22T14:30:01+08:00"}
{"fields.time":"2019-03-22T14:31:01+08:00","file":"/Users/finup/GoglandProjects/src/k8s-webshell/pkg/utils/logger.go:109","func":"k8s-webshell/pkg/utils.GinRus.func1","ip":"127.0.0.1","latency":60289279691,"level":"info","method":"GET","msg":"","path":"/api/ws","status":200,"time":"2019-03-22T14:31:01+08:00","user-agent":"Mozilla/5.0 (Macintosh; Intel Mac OS X 10_14_3) AppleWebKit/537.36 (KHTML, like Gecko) Chrome/72.0.3626.121 Safari/537.36"}
{"file":"/Users/finup/GoglandProjects/src/k8s-webshell/pkg/api/controller.go:119","func":"k8s-webshell/pkg/api.WsHandler","level":"info","msg":"get kwargs  **","time":"2019-03-22T14:36:47+08:00"}
{"file":"/Users/finup/GoglandProjects/src/k8s-webshell/pkg/common/common.go:37","func":"k8s-webshell/pkg/common.GetRestConf","level":"info","msg":"kubeconfig file /Users/finup/GoglandProjects/src/k8s-webshell/configs/admin.conf","time":"2019-03-22T14:36:47+08:00"}
{"file":"/Users/finup/GoglandProjects/src/k8s-webshell/pkg/api/controller.go:149","func":"k8s-webshell/pkg/api.WsHandler","level":"info","msg":"end k8s post","time":"2019-03-22T14:36:47+08:00"}
{"fields.time":"2019-03-22T14:38:34+08:00","file":"/Users/finup/GoglandProjects/src/k8s-webshell/pkg/utils/logger.go:109","func":"k8s-webshell/pkg/utils.GinRus.func1","ip":"127.0.0.1","latency":106794232776,"level":"info","method":"GET","msg":"","path":"/api/ws","status":200,"time":"2019-03-22T14:38:34+08:00","user-agent":"Mozilla/5.0 (Macintosh; Intel Mac OS X 10_14_3) AppleWebKit/537.36 (KHTML, like Gecko) Chrome/72.0.3626.121 Safari/537.36"}
